ABALAMA
ETA: 55s
ABBYPAN
ETA: 46s
ABELTJE
ETA: 45s
ABERNDT
ETA: 43s
ABEVERLEY
ETA: 41s
ABRAXXA
ETA: 41s
ACANFORA
ETA: 41s
ACCARDO
ETA: 40s
ACOBURN
ETA: 39s
ADUITSIS
ETA: 39s
AERO
ETA: 40s
AFAN
ETA: 42s
AFUERST
ETA: 44s
AHICOX
ETA: 44s
AINFERNO
ETA: 45s
AJM
ETA: 45s
AJNN
ETA: 45s
AJOLMA
ETA: 44s
AKALINUX
ETA: 44s
AKH
ETA: 44s
AKHUETTEL
ETA: 44s
AKIYM
ETA: 44s
AKRON
ETA: 44s
AKXLIX
ETA: 45s
ALLSOPP
ETA: 45s
ALOREN
ETA: 45s
ALTREUS
ETA: 44s
AMALTSEV
ETA: 44s
AMBA
ETA: 44s
AMBS
ETA: 44s
AMIRI
ETA: 43s
ANANSI
ETA: 43s
ANATOFUZ
ETA: 43s
ANDK
ETA: 43s
ANDREWISH
ETA: 42s
ANEI
ETA: 42s
ANPARKER
ETA: 42s
ANTONPETR
ETA: 42s
APERSAUD
ETA: 42s
ARCANEZ
ETA: 42s
ARFREITAS
ETA: 42s
ARODLAND
ETA: 42s
ASHER
ETA: 41s
ASHLEYW
ETA: 41s
ASLEWIS
ETA: 41s
ASPIERS
ETA: 41s
ASPOSE
ETA: 41s
ASPOSEAPI
ETA: 41s
ASTJ
ETA: 40s
ATHREEF
ETA: 40s
ATOOMIC
ETA: 41s
ATROXAPER
ETA: 40s
AUDREYT
ETA: 40s
AVKHOZOV
ETA: 40s
AVULLO
ETA: 40s
AWNCORP
ETA: 41s
AYATES
ETA: 41s
AZJADFTRE
ETA: 41s
BAERGAJ
ETA: 41s
BALAJIRAM
ETA: 41s
BANS
ETA: 41s
BARBIE
ETA: 41s
BAREFOOT
ETA: 41s
BAYASHI
ETA: 40s
BBON
ETA: 40s
BDFOY
ETA: 40s
BDUGGAN
ETA: 40s
BENNING
ETA: 40s
BEROV
ETA: 40s
BESINT
ETA: 40s
BESSARABV
ETA: 40s
BFAIST
ETA: 40s
BIFFEN
ETA: 40s
BIGFOOT
ETA: 40s
BIGJ
ETA: 40s
BIGPRESH
ETA: 40s
BINARY
ETA: 40s
BINGOS
ETA: 40s
BJOERN
ETA: 39s
BKB
ETA: 39s
BLHOTSKY
ETA: 40s
BLIAKO
ETA: 40s
BLUEFEET
ETA: 40s
BLUEWIND
ETA: 40s
BLUHM
ETA: 40s
BMERUGUR
ETA: 40s
BOBK
ETA: 40s
BOFTX
ETA: 40s
BOGDRO
ETA: 40s
BOOK
ETA: 40s
BORISD
ETA: 40s
BOUTROSLB
ETA: 40s
BPOSTLE
ETA: 40s
BPS
ETA: 40s
BRAINBUZ
ETA: 40s
BRDUCH
ETA: 40s
BRENNEN
ETA: 40s
BRMILLER
ETA: 40s
BRONG
ETA: 40s
BRTASTIC
ETA: 40s
BTYLER
ETA: 40s
BUDNEY
ETA: 40s
BURAK
ETA: 40s
BYTERAZOR
ETA: 40s
CAC
ETA: 40s
CADE
ETA: 39s
CAGAO
ETA: 39s
CALID
ETA: 39s
CANID
ETA: 39s
CAPOEIRAB
ETA: 39s
CARPENTIE
ETA: 39s
CARWYNM
ETA: 39s
CAVAC
ETA: 39s
CBARRATT
ETA: 39s
CCM
ETA: 39s
CDIESH
ETA: 39s
CDRAKE
ETA: 38s
CDRAUG
ETA: 38s
CED
ETA: 38s
CEEJAY
ETA: 38s
CFABER
ETA: 38s
CFAERBER
ETA: 38s
CFOUTS
ETA: 38s
CHESNOKOV
ETA: 38s
CHLOEKEK
ETA: 38s
CHOCOLATE
ETA: 38s
CHOHAG
ETA: 38s
CHOROBA
ETA: 38s
CHRISN
ETA: 38s
CHROMATIC
ETA: 37s
CJFIELDS
ETA: 37s
CLARKEMA
ETA: 37s
CLEACH
ETA: 37s
CLIPLAND
ETA: 37s
CMANLEY
ETA: 37s
COFFEE
ETA: 37s
COLINK
ETA: 37s
CONO
ETA: 37s
CORION
ETA: 37s
CORLISS
ETA: 37s
COUDOT
ETA: 37s
CPANEL
ETA: 37s
CPANLNCSA
ETA: 37s
CRLCU
ETA: 36s
CROMEDOME
ETA: 36s
CSSON
ETA: 36s
CTILMES
ETA: 36s
CUFFYCA
ETA: 36s
CVLIBRARY
ETA: 36s
CXW
ETA: 36s
CYNOVG
ETA: 36s
DACAV
ETA: 36s
DAEMON
ETA: 36s
DAGOLDEN
ETA: 36s
DAKKAR
ETA: 36s
DAM
ETA: 36s
DAMOG
ETA: 36s
DAMS
ETA: 36s
DANBERR
ETA: 35s
DANBOO
ETA: 35s
DANKOGAI
ETA: 35s
DAPINK
ETA: 35s
DATA
ETA: 35s
DATOPDOG
ETA: 35s
DAVECROSS
ETA: 35s
DAVEWOOD
ETA: 35s
DAVIDO
ETA: 35s
DBAURAIN
ETA: 35s
DBOOK
ETA: 35s
DBURKE
ETA: 35s
DCANTRELL
ETA: 35s
DCLARKE
ETA: 35s
DCONWAY
ETA: 35s
DDICK
ETA: 35s
DDMITOV
ETA: 35s
DDRP
ETA: 35s
DDUMONT
ETA: 34s
DEBOS
ETA: 34s
DEDMEDVED
ETA: 34s
DEDUCE
ETA: 34s
DEMIAN
ETA: 34s
DEPESZ
ETA: 34s
DERF
ETA: 34s
DFE
ETA: 34s
DGALAN
ETA: 34s
DIGORY
ETA: 34s
DINESHD
ETA: 34s
DISTLER
ETA: 34s
DJERIUS
ETA: 34s
DJZORT
ETA: 34s
DKECHAG
ETA: 34s
DLAMBLEY
ETA: 34s
DMAESTRO
ETA: 34s
DMAKI
ETA: 34s
DMALONE
ETA: 34s
DMOL
ETA: 34s
DMUEY
ETA: 34s
DOMM
ETA: 34s
DONPDONP
ETA: 34s
DOOM
ETA: 33s
DORIAN
ETA: 33s
DOTAN
ETA: 33s
DOUBLED
ETA: 33s
DOUGLEITH
ETA: 33s
DQNEO
ETA: 33s
DRAGOSV
ETA: 33s
DRCLAW
ETA: 33s
DROLSKY
ETA: 33s
DRZIGMAN
ETA: 33s
DSCHWEI
ETA: 33s
DUMB
ETA: 33s
DUNCAND
ETA: 33s
DUNCS
ETA: 33s
DVEEDEN
ETA: 33s
DWHEELER
ETA: 33s
EARTHTONE
ETA: 33s
EAST
ETA: 33s
EBAUDREZ
ETA: 33s
EBRUNI
ETA: 33s
ECARROLL
ETA: 33s
ECHERNOF
ETA: 33s
ECKARDT
ETA: 33s
ECOCODE
ETA: 33s
EDF
ETA: 32s
EGAWATA
ETA: 32s
EGILES
ETA: 32s
EGOR
ETA: 32s
EGOROD
ETA: 32s
EHSAN
ETA: 32s
EHUELS
ETA: 32s
ELCAMLOST
ETA: 32s
ELCARO
ETA: 32s
ELIZABETH
ETA: 32s
ERUCI
ETA: 32s
ESH
ETA: 32s
ETHER
ETA: 32s
ETJ
ETA: 32s
EUGEN
ETA: 32s
EXIFTOOL
ETA: 32s
EXODIST
ETA: 32s
EZDB
ETA: 32s
FANY
ETA: 32s
FAYLAND
ETA: 31s
FCO
ETA: 31s
FDULAU
ETA: 31s
FELIPE
ETA: 32s
FERREIRA
ETA: 31s
FERRENCY
ETA: 31s
FRACTAL
ETA: 31s
FRANKC
ETA: 31s
FREDERICD
ETA: 31s
FREEDOG
ETA: 31s
FREW
ETA: 31s
FRITH
ETA: 31s
FROGGS
ETA: 31s
FSEITZ
ETA: 31s
FUJIWARA
ETA: 31s
FVOX
ETA: 31s
GAISSMAI
ETA: 31s
GANGLION
ETA: 31s
GARLANDG
ETA: 31s
GARU
ETA: 31s
GBOUGARD
ETA: 31s
GBROWN
ETA: 31s
GCHIAIA
ETA: 31s
GCORE
ETA: 31s
GDONALD
ETA: 31s
GDT
ETA: 31s
GENE
ETA: 31s
GETTY
ETA: 31s
GFR
ETA: 31s
GFRANKS
ETA: 30s
GFUJI
ETA: 30s
GGOLDBACH
ETA: 30s
GIBUS
ETA: 30s
GILS
ETA: 30s
GLBRUNE
ETA: 30s
GOMOR
ETA: 30s
GONCALES
ETA: 30s
GONZUS
ETA: 30s
GRANDPA
ETA: 30s
GRANTM
ETA: 30s
GRAVATTJ
ETA: 30s
GRAY
ETA: 30s
GREGK
ETA: 30s
GRIBUSER
ETA: 30s
GRICHTER
ETA: 30s
GRYPHON
ETA: 30s
GSB
ETA: 30s
GSG
ETA: 30s
GUGOD
ETA: 30s
GUIDO
ETA: 29s
GUILLEM
ETA: 29s
GUIMARD
ETA: 29s
GUNNAR
ETA: 29s
GWADEJ
ETA: 29s
GWHAYWOOD
ETA: 29s
GWILLIAMS
ETA: 29s
HAARG
ETA: 29s
HANENKAMP
ETA: 29s
HASSANIS
ETA: 29s
HATENA
ETA: 29s
HAUKEX
ETA: 29s
HAYAJO
ETA: 29s
HAYASHI
ETA: 29s
HAYOBAAN
ETA: 29s
HENRYST
ETA: 29s
HEXCODER
ETA: 29s
HEXONET
ETA: 29s
HIRATARA
ETA: 29s
HIROSE
ETA: 28s
HISSO
ETA: 28s
HITODE
ETA: 28s
HJANSEN
ETA: 28s
HKOBA
ETA: 28s
HOCHSTEN
ETA: 28s
HOLLI
ETA: 28s
HORNBURG
ETA: 28s
HOUSTON
ETA: 28s
HOWARS
ETA: 28s
HQJATU
ETA: 28s
HUGMEIR
ETA: 28s
HURRICUP
ETA: 28s
HYTHM
ETA: 28s
IGIBBS
ETA: 28s
IKENOX
ETA: 28s
IKLUFT
ETA: 28s
ILLY
ETA: 28s
ILMARI
ETA: 28s
ILUX
ETA: 28s
IMACAT
ETA: 27s
INA
ETA: 28s
INFINOID
ETA: 28s
INGENICO
ETA: 28s
INGY
ETA: 28s
INPHOBIA
ETA: 28s
INTERMINE
ETA: 28s
IOANR
ETA: 28s
IPENBURG
ETA: 28s
IPFINDER
ETA: 28s
IPINFO
ETA: 28s
IRONCAMEL
ETA: 28s
ISHIGAKI
ETA: 27s
ISHRAQ
ETA: 27s
IVANWILLS
ETA: 27s
IVANYCH
ETA: 27s
JACOBG
ETA: 27s
JACQUESG
ETA: 27s
JAMADAM
ETA: 27s
JANESKIL
ETA: 27s
JANPAZ
ETA: 27s
JASEI
ETA: 27s
JBAIER
ETA: 27s
JBARRETT
ETA: 27s
JBERGER
ETA: 27s
JCB
ETA: 27s
JDB
ETA: 27s
JDDPAUSE
ETA: 27s
JDEGUEST
ETA: 27s
JEFFOBER
ETA: 26s
JEFFZHANG
ETA: 26s
JFORGET
ETA: 26s
JGAMBLE
ETA: 26s
JGAZELEY
ETA: 26s
JGNI
ETA: 26s
JGOFF
ETA: 26s
JGREELY
ETA: 26s
JHTHORSEN
ETA: 26s
JIRO
ETA: 26s
JJATRIA
ETA: 26s
JJNAPIORK
ETA: 26s
JJSIMONI
ETA: 26s
JKEENAN
ETA: 26s
JKEGL
ETA: 26s
JKING
ETA: 26s
JLAVALLEE
ETA: 26s
JLCOOPER
ETA: 26s
JLEFLER
ETA: 25s
JLMARTIN
ETA: 26s
JLOUDER
ETA: 26s
JMAC
ETA: 26s
JMASLAK
ETA: 26s
JMATES
ETA: 25s
JMCCARV
ETA: 25s
JMCNAMARA
ETA: 25s
JMERELO
ETA: 25s
JNTHN
ETA: 25s
JOENIO
ETA: 25s
JOHANL
ETA: 25s
JOHNH
ETA: 25s
JOHNMERTZ
ETA: 25s
JONASBN
ETA: 25s
JONASS
ETA: 25s
JOROL
ETA: 25s
JOSERIJO
ETA: 25s
JOYREX
ETA: 25s
JSF
ETA: 25s
JSIRACUSA
ETA: 25s
JSTOWE
ETA: 25s
JTPALMER
ETA: 24s
JUERD
ETA: 24s
JUSTIN
ETA: 24s
JV
ETA: 24s
JWB
ETA: 24s
JWRIGHT
ETA: 24s
KAGE
ETA: 24s
KAIEPI
ETA: 24s
KAJI
ETA: 24s
KALDOR
ETA: 24s
KAORU
ETA: 24s
KARASIK
ETA: 24s
KARUPA
ETA: 24s
KATAOKA
ETA: 24s
KAZEBURO
ETA: 24s
KAZUHO
ETA: 24s
KFLY
ETA: 24s
KGB
ETA: 24s
KHEDIN
ETA: 24s
KHW
ETA: 24s
KIANMENG
ETA: 24s
KILINRAX
ETA: 24s
KIMOTO
ETA: 24s
KIMRYAN
ETA: 23s
KITANO
ETA: 23s
KIWIROY
ETA: 23s
KIZASHI
ETA: 23s
KJETIL
ETA: 23s
KJETILK
ETA: 23s
KJKVINGE
ETA: 23s
KKANE
ETA: 23s
KMX
ETA: 23s
KNI
ETA: 23s
KNTH
ETA: 23s
KPEE
ETA: 23s
KRUSHI
ETA: 23s
KRYDE
ETA: 23s
KUERBIS
ETA: 23s
KYZ
ETA: 23s
KYZN
ETA: 23s
KZTOMITA
ETA: 23s
LANCEW
ETA: 23s
LARION
ETA: 23s
LAWALSH
ETA: 23s
LCONS
ETA: 23s
LDIDRY
ETA: 24s
LEADER
ETA: 24s
LEEJO
ETA: 24s
LEEYM
ETA: 24s
LEMBARK
ETA: 24s
LEONT
ETA: 24s
LEV
ETA: 24s
LIJINFENG
ETA: 24s
LIKHATSKI
ETA: 24s
LIOSHA
ETA: 23s
LITTLEFOX
ETA: 23s
LLAP
ETA: 23s
LMETCALF
ETA: 23s
LMEUNIER
ETA: 23s
LNATION
ETA: 23s
LOCATION
ETA: 23s
LORENZO
ETA: 23s
LSKATZ
ETA: 23s
LSTEVENS
ETA: 23s
LSTROUS
ETA: 23s
LTM
ETA: 23s
LTRIANT
ETA: 23s
LUIZBENE
ETA: 23s
LZE
ETA: 23s
MAHIRO
ETA: 23s
MAJENSEN
ETA: 23s
MAJLIS
ETA: 23s
MALISHEW
ETA: 23s
MALLEN
ETA: 23s
MAMAWE
ETA: 23s
MANWAR
ETA: 23s
MARGHI
ETA: 23s
MARIOROY
ETA: 23s
MARKELLIS
ETA: 23s
MARKOV
ETA: 23s
MARMANOLD
ETA: 23s
MAROS
ETA: 23s
MARSCHAP
ETA: 23s
MARTIMM
ETA: 23s
MARTINGO
ETA: 23s
MASSYN
ETA: 23s
MAT
ETA: 23s
MATHIAS
ETA: 23s
MATIASL
ETA: 23s
MATISSE
ETA: 23s
MATTLAW
ETA: 23s
MATY
ETA: 23s
MAXMIND
ETA: 23s
MBAAS
ETA: 23s
MBARBON
ETA: 23s
MBRADSHAW
ETA: 23s
MCHE
ETA: 23s
MCICHRA
ETA: 23s
MCMAHON
ETA: 23s
MCORVAX
ETA: 23s
MDEHOON
ETA: 23s
MDOM
ETA: 23s
MDOOTSON
ETA: 22s
MELEZHIK
ETA: 22s
MELMOTHX
ETA: 22s
MEMOWE
ETA: 22s
MERKYS
ETA: 22s
MFONTANI
ETA: 22s
MGRIMES
ETA: 22s
MGUALDRON
ETA: 22s
MGV
ETA: 22s
MHASCH
ETA: 22s
MHOWARD
ETA: 22s
MICHEL
ETA: 22s
MICKEY
ETA: 22s
MIHYAERU
ETA: 22s
MIK
ETA: 22s
MIKEFLAN
ETA: 22s
MIKEGRB
ETA: 22s
MIKEJONES
ETA: 22s
MIKER
ETA: 22s
MIKKOI
ETA: 22s
MINIMAL
ETA: 22s
MISHIKAL
ETA: 22s
MITHALDU
ETA: 22s
MIXAS
ETA: 22s
MIYAGAWA
ETA: 22s
MJEMMESON
ETA: 21s
MJEVANS
ETA: 21s
MJGARDNER
ETA: 21s
MLAWREN
ETA: 21s
MLDEVINE
ETA: 21s
MLEHMANN
ETA: 21s
MMCCLIMON
ETA: 21s
MMENZA
ETA: 21s
MNSMAR
ETA: 21s
MOB
ETA: 21s
MONGODB
ETA: 21s
MOOCOW
ETA: 21s
MOZNION
ETA: 21s
MPOURASG
ETA: 20s
MQTECH
ETA: 20s
MRAMBERG
ETA: 20s
MRDVT
ETA: 20s
MRSAM
ETA: 20s
MRSCOTTY
ETA: 20s
MSCHOUT
ETA: 20s
MSIMERSON
ETA: 20s
MSISK
ETA: 20s
MSTROUT
ETA: 20s
MTHURN
ETA: 20s
MTMAIL
ETA: 20s
MTW
ETA: 20s
MUDLER
ETA: 20s
MYRDDIN
ETA: 19s
MZIESCHA
ETA: 19s
NAKASHIN
ETA: 19s
NALOBIN
ETA: 19s
NAVALNED
ETA: 19s
NEILB
ETA: 19s
NERDVANA
ETA: 19s
NETSENSEI
ETA: 19s
NHORNE
ETA: 19s
NICOMEN
ETA: 19s
NICS
ETA: 19s
NIERLEIN
ETA: 19s
NIGELM
ETA: 19s
NINE
ETA: 19s
NJFRANCK
ETA: 18s
NJH
ETA: 18s
NLNETLABS
ETA: 18s
NMBOOKER
ETA: 18s
NMELNICK
ETA: 18s
NML
ETA: 18s
NOT
ETA: 18s
NOUDARD
ETA: 18s
NPRATER
ETA: 18s
NWCLARK
ETA: 18s
NWELLNHOF
ETA: 18s
OALDERS
ETA: 18s
OAXLIN
ETA: 18s
OCBNET
ETA: 18s
ODDTUPLE
ETA: 17s
OESI
ETA: 17s
OETIKER
ETA: 17s
OKLAHOMER
ETA: 17s
OLEG
ETA: 17s
OLIVER
ETA: 17s
OMEGA
ETA: 17s
OMKELLOGG
ETA: 17s
OMOHAYUI
ETA: 17s
ORANGE
ETA: 17s
OVID
ETA: 17s
OVNTATAR
ETA: 17s
OXJGOUO
ETA: 17s
PABLROD
ETA: 17s
PACOEB
ETA: 17s
PALI
ETA: 16s
PAPIX
ETA: 16s
PAVELSR
ETA: 16s
PEASWORTH
ETA: 16s
PEK
ETA: 16s
PEKINGSAM
ETA: 16s
PEPL
ETA: 16s
PERLANCAR
ETA: 16s
PERLMAX
ETA: 16s
PERRAD
ETA: 16s
PETDANCE
ETA: 16s
PEVANS
ETA: 16s
PFLANZE
ETA: 16s
PHILCROW
ETA: 16s
PHRED
ETA: 15s
PINE
ETA: 15s
PIXEL
ETA: 15s
PJACKLAM
ETA: 15s
PJCJ
ETA: 15s
PLICEASE
ETA: 15s
PLOBBES
ETA: 15s
PMAYR
ETA: 15s
PMEVZEK
ETA: 15s
PMPERRY
ETA: 15s
PMQS
ETA: 15s
PORTAONE
ETA: 15s
PRAJITH
ETA: 15s
PRBRENAN
ETA: 15s
PREACTION
ETA: 15s
PROCH
ETA: 14s
PSANNES
ETA: 14s
PSCUST
ETA: 14s
PSIXSTEVE
ETA: 14s
PSRSBSNS
ETA: 14s
PUCK
ETA: 14s
PUGLET
ETA: 14s
PVIGIER
ETA: 14s
QGARNIER
ETA: 14s
QRRY
ETA: 14s
RADIUSCZ
ETA: 14s
RAJ
ETA: 14s
RAPPAZF
ETA: 14s
RATCLIFFE
ETA: 14s
RCHAVES
ETA: 14s
REEDFISH
ETA: 13s
REF
ETA: 13s
REHSACK
ETA: 13s
REIVEUNE
ETA: 13s
RENEEB
ETA: 13s
RENTOCRON
ETA: 13s
RHAMMOND
ETA: 13s
RHASH
ETA: 13s
RHETTBULL
ETA: 13s
RHOELZ
ETA: 13s
RIBASUSHI
ETA: 13s
RIBNOTTER
ETA: 13s
RIVY
ETA: 13s
RIZEN
ETA: 13s
RJBS
ETA: 13s
RJH
ETA: 12s
RJT
ETA: 12s
RKELSCH
ETA: 12s
RKINYON
ETA: 12s
RMZG
ETA: 12s
RNEWSHAM
ETA: 12s
ROBERTLE
ETA: 12s
ROBERTOF
ETA: 12s
ROBM
ETA: 12s
ROBN
ETA: 12s
ROMM
ETA: 12s
ROODE
ETA: 12s
RORYMCK
ETA: 12s
RPETTETT
ETA: 12s
RRA
ETA: 12s
RRWO
ETA: 11s
RSCHUPP
ETA: 11s
RTKH
ETA: 11s
RUBYKAT
ETA: 11s
RUISTEVE
ETA: 11s
RURBAN
ETA: 11s
RWI
ETA: 11s
RWSTAUNER
ETA: 11s
SACOMO
ETA: 11s
SADAHIRO
ETA: 11s
SADAMS
ETA: 11s
SADIB
ETA: 11s
SALVA
ETA: 11s
SAMGWISE
ETA: 11s
SANBEG
ETA: 11s
SANKO
ETA: 10s
SAPER
ETA: 10s
SARGIE
ETA: 10s
SATOH
ETA: 10s
SBECK
ETA: 10s
SCHIECHEO
ETA: 10s
SCHOBES
ETA: 10s
SCHUBIGER
ETA: 10s
SCHWIGON
ETA: 10s
SCIMON
ETA: 10s
SCOTTW
ETA: 10s
SDT
ETA: 10s
SEAGIRL
ETA: 10s
SEBAPOD
ETA: 10s
SEKIA
ETA: 10s
SGRAY
ETA: 10s
SHANCOCK
ETA: 10s
SHAW
ETA: 10s
SHAY
ETA: 9s
SHELDRAKE
ETA: 9s
SHLOMIF
ETA: 9s
SHMAEDA
ETA: 9s
SHOGO
ETA: 9s
SIMCOP
ETA: 9s
SISYPHUS
ETA: 9s
SIXAPART
ETA: 9s
SJDY
ETA: 9s
SJQUINNEY
ETA: 9s
SKAJI
ETA: 9s
SKIRMESS
ETA: 9s
SKNPP
ETA: 9s
SKOLYCHEV
ETA: 9s
SLAFFAN
ETA: 9s
SLANNING
ETA: 9s
SLEUNG
ETA: 9s
SLOYD
ETA: 9s
SLU
ETA: 8s
SLUDIN
ETA: 8s
SMONFF
ETA: 8s
SNEZ
ETA: 8s
SOMMREY
ETA: 8s
SONGMU
ETA: 8s
SORBS
ETA: 8s
SQUIRESJM
ETA: 8s
SRCHULO
ETA: 8s
SRDJAN
ETA: 8s
SREZIC
ETA: 8s
SRI
ETA: 8s
SSCAFFIDI
ETA: 8s
SSCHECK
ETA: 8s
SSIMMS
ETA: 8s
STDWEIRD
ETA: 7s
STEFFENW
ETA: 7s
STEVEB
ETA: 7s
STEVENL
ETA: 7s
STEVIED
ETA: 7s
STRO
ETA: 7s
SULLR
ETA: 7s
SUNDQUIST
ETA: 7s
SWEETKID
ETA: 7s
SYAGI
ETA: 7s
SYBER
ETA: 7s
SYMKAT
ETA: 7s
SYP
ETA: 7s
TABULO
ETA: 7s
TAGOMORIS
ETA: 7s
TANIGUCHI
ETA: 7s
TAPPER
ETA: 7s
TARAS
ETA: 6s
TASKULA
ETA: 6s
TBROWDER
ETA: 6s
TEAM
ETA: 6s
TEKKI
ETA: 6s
TEODESIAN
ETA: 6s
THINC
ETA: 6s
THINCH
ETA: 6s
TIEDEMANN
ETA: 6s
TIMOTIMO
ETA: 6s
TINITA
ETA: 6s
TITSUKI
ETA: 6s
TJPARNELL
ETA: 6s
TMILLER
ETA: 6s
TOBS
ETA: 6s
TOBYINK
ETA: 6s
TODDR
ETA: 5s
TOKUHIROM
ETA: 5s
TOMGRACEY
ETA: 5s
TOMK
ETA: 5s
TONKIN
ETA: 5s
TONYC
ETA: 5s
TOPAZ
ETA: 5s
TORBIAK
ETA: 5s
TOSHIFJW
ETA: 5s
TRIZEN
ETA: 5s
TROHAU
ETA: 5s
TRSKI
ETA: 5s
TSDH
ETA: 5s
TTKCIAR
ETA: 5s
TURNERJW
ETA: 5s
TURNSTEP
ETA: 4s
TVDW
ETA: 4s
TYIL
ETA: 4s
UFOBAT
ETA: 4s
UGEXE
ETA: 4s
UNDEF
ETA: 4s
UPWORK
ETA: 4s
UREE
ETA: 4s
UTASHIRO
ETA: 4s
UZLUISF
ETA: 4s
VANSTYN
ETA: 4s
VAXMAN
ETA: 4s
VBAR
ETA: 4s
VEESH
ETA: 4s
VENKATESH
ETA: 4s
VIGHNESH
ETA: 4s
VIKAS
ETA: 3s
VINSWORLD
ETA: 3s
VITAHALL
ETA: 3s
VLADIMIRZ
ETA: 3s
VLADO
ETA: 3s
VOJ
ETA: 3s
VOLKENING
ETA: 3s
VOVKASM
ETA: 3s
VPEIL
ETA: 3s
VPIT
ETA: 3s
VRAG
ETA: 3s
VRURG
ETA: 3s
VTI
ETA: 3s
VVELOX
ETA: 3s
VYF
ETA: 3s
WANGQ
ETA: 2s
WARRINGD
ETA: 2s
WATERKIP
ETA: 2s
WBRASWELL
ETA: 2s
WCS
ETA: 2s
WEBORAMA
ETA: 2s
WESAL
ETA: 2s
WHINDS
ETA: 2s
WIEGEROP
ETA: 2s
WILLBELL
ETA: 2s
WITO
ETA: 2s
WLINDLEY
ETA: 2s
WOLDRICH
ETA: 2s
WOLLMERS
ETA: 2s
WORTHMINE
ETA: 2s
WOUTER
ETA: 2s
WREIS
ETA: 1s
WROG
ETA: 1s
WSNYDER
ETA: 1s
WYANT
ETA: 1s
XAICRON
ETA: 1s
XAN
ETA: 1s
XANNI
ETA: 1s
XAOC
ETA: 1s
XENU
ETA: 1s
XSAWYERX
ETA: 1s
YAKIREEV
ETA: 1s
YANICK
ETA: 1s
YEWENBIN
ETA: 1s
YNOTO
ETA: 1s
YOHEIMUTA
ETA: 1s
YORHEL
ETA: 0s
YTURTLE
ETA: 0s
YUKINEA
ETA: 0s
YVES
ETA: 0s
ZAKAME
ETA: 0s
ZARABOZO
ETA: 0s
ZARQUON
ETA: 0s
ZDM
ETA: 0s
ZEFRAM
ETA: 0s
ZEMAN
ETA: 0s
ZENG
ETA: 0s
ZHUMARIN
ETA: 0s
ZIALI
ETA: 0s
ZJT
ETA: 0s
ZNMSTR
ETA: 0s
ZOFFIX
ETA: 0s



## 00 (nothing) - 12 (1.4%)
 * ASHER
 * CEEJAY
 * CHLOEKEK
 * CLARKEMA
 * DONPDONP
 * DRCLAW
 * ECARROLL
 * ELCARO
 * MATIASL
 * MLDEVINE
 * THINCH
 * UZLUISF

## 01 (only tabs) - 9 (1.0%)
 * ATROXAPER
 * BRTASTIC
 * DEBOS
 * GBROWN
 * HOUSTON
 * JJSIMONI
 * RIBNOTTER
 * RMZG
 * TYIL

## 10 (only spaces) - 355 (41.2%)
 * ABERNDT
 * ABRAXXA
 * AERO
 * AINFERNO
 * AJOLMA
 * AKIYM
 * AKRON
 * ALOREN
 * AMIRI
 * ANANSI
 * ANATOFUZ
 * ANDREWISH
 * ANPARKER
 * ARCANEZ
 * ARODLAND
 * ASHLEYW
 * ASLEWIS
 * ASPIERS
 * ASTJ
 * AVKHOZOV
 * AWNCORP
 * AYATES
 * BALAJIRAM
 * BAYASHI
 * BBON
 * BDUGGAN
 * BESSARABV
 * BFAIST
 * BIFFEN
 * BINARY
 * BJOERN
 * BLHOTSKY
 * BLUEFEET
 * BOBK
 * BOFTX
 * BORISD
 * BRDUCH
 * BRENNEN
 * BRONG
 * BUDNEY
 * BURAK
 * BYTERAZOR
 * CADE
 * CAGAO
 * CARPENTIE
 * CARWYNM
 * CBARRATT
 * CCM
 * CED
 * CFAERBER
 * CFOUTS
 * CHOCOLATE
 * CHOHAG
 * CLEACH
 * COFFEE
 * CONO
 * CORLISS
 * CPANEL
 * CPANLNCSA
 * CVLIBRARY
 * CYNOVG
 * DACAV
 * DAEMON
 * DAGOLDEN
 * DAKKAR
 * DAM
 * DANBOO
 * DAPINK
 * DATA
 * DAVEWOOD
 * DAVIDO
 * DBURKE
 * DDMITOV
 * DEDUCE
 * DEPESZ
 * DFE
 * DIGORY
 * DISTLER
 * DJZORT
 * DKECHAG
 * DLAMBLEY
 * DMAESTRO
 * DMAKI
 * DMOL
 * DMUEY
 * DOOM
 * DOTAN
 * DOUBLED
 * DOUGLEITH
 * DQNEO
 * DRAGOSV
 * DRZIGMAN
 * DUNCAND
 * DUNCS
 * EAST
 * EDF
 * EGAWATA
 * EGOR
 * ELCAMLOST
 * ELIZABETH
 * EUGEN
 * FANY
 * FCO
 * FERREIRA
 * FRACTAL
 * FRANKC
 * FREEDOG
 * FRITH
 * FSEITZ
 * FUJIWARA
 * FVOX
 * GARLANDG
 * GDONALD
 * GDT
 * GENE
 * GETTY
 * GFUJI
 * GGOLDBACH
 * GILS
 * GONZUS
 * GRANDPA
 * GRAY
 * GREGK
 * GRYPHON
 * GUIMARD
 * GUNNAR
 * HANENKAMP
 * HATENA
 * HAYAJO
 * HAYOBAAN
 * HIRATARA
 * HIROSE
 * HITODE
 * HJANSEN
 * HOWARS
 * HUGMEIR
 * HURRICUP
 * HYTHM
 * IKENOX
 * ILLY
 * ILUX
 * INGENICO
 * INGY
 * INPHOBIA
 * IPINFO
 * IRONCAMEL
 * IVANYCH
 * JACOBG
 * JAMADAM
 * JASEI
 * JBAIER
 * JBARRETT
 * JBERGER
 * JEFFOBER
 * JHTHORSEN
 * JIRO
 * JJATRIA
 * JJNAPIORK
 * JKING
 * JLAVALLEE
 * JMASLAK
 * JMATES
 * JMCCARV
 * JOHNMERTZ
 * JOSERIJO
 * JSF
 * JTPALMER
 * JUERD
 * JUSTIN
 * KAGE
 * KALDOR
 * KARUPA
 * KATAOKA
 * KAZEBURO
 * KAZUHO
 * KFLY
 * KGB
 * KHEDIN
 * KIANMENG
 * KIMOTO
 * KIMRYAN
 * KIZASHI
 * KKANE
 * KPEE
 * KUERBIS
 * KYZN
 * LANCEW
 * LDIDRY
 * LEEYM
 * LEMBARK
 * LEV
 * LIOSHA
 * LITTLEFOX
 * LSTROUS
 * LTM
 * LUIZBENE
 * MAHIRO
 * MAJLIS
 * MALISHEW
 * MARGHI
 * MARIOROY
 * MARMANOLD
 * MAROS
 * MATHIAS
 * MAXMIND
 * MCICHRA
 * MCORVAX
 * MFONTANI
 * MHOWARD
 * MICHEL
 * MICKEY
 * MIHYAERU
 * MIK
 * MIKEJONES
 * MINIMAL
 * MIXAS
 * MJEMMESON
 * MJGARDNER
 * MMENZA
 * MOZNION
 * MQTECH
 * MRAMBERG
 * MRDVT
 * MSISK
 * MTMAIL
 * MUDLER
 * NAKASHIN
 * NALOBIN
 * NJFRANCK
 * NOT
 * NOUDARD
 * NPRATER
 * NWELLNHOF
 * OAXLIN
 * ODDTUPLE
 * OKLAHOMER
 * OMKELLOGG
 * OMOHAYUI
 * ORANGE
 * OVID
 * OXJGOUO
 * PACOEB
 * PAPIX
 * PEKINGSAM
 * PEPL
 * PERRAD
 * PHILCROW
 * PINE
 * PMAYR
 * PORTAONE
 * PRBRENAN
 * PSIXSTEVE
 * PUGLET
 * PVIGIER
 * QRRY
 * RATCLIFFE
 * REF
 * REHSACK
 * RENTOCRON
 * RHAMMOND
 * RIVY
 * RJH
 * RJT
 * ROBERTLE
 * ROBERTOF
 * ROBM
 * ROBN
 * ROODE
 * RTKH
 * RWI
 * SADAMS
 * SAMGWISE
 * SARGIE
 * SCHOBES
 * SCHUBIGER
 * SCHWIGON
 * SCOTTW
 * SDT
 * SEKIA
 * SHAW
 * SKIRMESS
 * SKNPP
 * SLANNING
 * SLEUNG
 * SLU
 * SMONFF
 * SNEZ
 * SONGMU
 * SORBS
 * SQUIRESJM
 * SRDJAN
 * SRI
 * SSCAFFIDI
 * STDWEIRD
 * STEFFENW
 * STEVENL
 * STRO
 * SUNDQUIST
 * SWEETKID
 * SYAGI
 * TABULO
 * TANIGUCHI
 * TAPPER
 * TARAS
 * TASKULA
 * TBROWDER
 * TEKKI
 * TEODESIAN
 * THINC
 * TOBS
 * TOMK
 * TONKIN
 * TOPAZ
 * TORBIAK
 * TRIZEN
 * TRSKI
 * TSDH
 * TTKCIAR
 * TVDW
 * UGEXE
 * UNDEF
 * UREE
 * VAXMAN
 * VEESH
 * VIKAS
 * VITAHALL
 * VLADIMIRZ
 * VOLKENING
 * VOVKASM
 * VRAG
 * VRURG
 * VTI
 * VYF
 * WANGQ
 * WATERKIP
 * WCS
 * WEBORAMA
 * WHINDS
 * WILLBELL
 * WITO
 * WLINDLEY
 * WOLDRICH
 * WORTHMINE
 * XAICRON
 * XAN
 * YAKIREEV
 * YNOTO
 * YOHEIMUTA
 * YTURTLE
 * YUKINEA
 * ZAKAME
 * ZENG
 * ZIALI
 * ZJT
 * ZOFFIX

## 11 (both) - 486 (56.4%)
 * ABALAMA
 * ABBYPAN
 * ABELTJE
 * ABEVERLEY
 * ACANFORA
 * ACCARDO
 * ACOBURN
 * ADUITSIS
 * AFAN
 * AFUERST
 * AHICOX
 * AJM
 * AJNN
 * AKALINUX
 * AKH
 * AKHUETTEL
 * AKXLIX
 * ALLSOPP
 * ALTREUS
 * AMALTSEV
 * AMBA
 * AMBS
 * ANDK
 * ANEI
 * ANTONPETR
 * APERSAUD
 * ARFREITAS
 * ASPOSE
 * ASPOSEAPI
 * ATHREEF
 * ATOOMIC
 * AUDREYT
 * AVULLO
 * AZJADFTRE
 * BAERGAJ
 * BANS
 * BARBIE
 * BAREFOOT
 * BDFOY
 * BENNING
 * BEROV
 * BESINT
 * BIGFOOT
 * BIGJ
 * BIGPRESH
 * BINGOS
 * BKB
 * BLIAKO
 * BLUEWIND
 * BLUHM
 * BMERUGUR
 * BOGDRO
 * BOOK
 * BOUTROSLB
 * BPOSTLE
 * BPS
 * BRAINBUZ
 * BRMILLER
 * BTYLER
 * CAC
 * CALID
 * CANID
 * CAPOEIRAB
 * CAVAC
 * CDIESH
 * CDRAKE
 * CDRAUG
 * CFABER
 * CHESNOKOV
 * CHOROBA
 * CHRISN
 * CHROMATIC
 * CJFIELDS
 * CLIPLAND
 * CMANLEY
 * COLINK
 * CORION
 * COUDOT
 * CRLCU
 * CROMEDOME
 * CSSON
 * CTILMES
 * CUFFYCA
 * CXW
 * DAMOG
 * DAMS
 * DANBERR
 * DANKOGAI
 * DATOPDOG
 * DAVECROSS
 * DBAURAIN
 * DBOOK
 * DCANTRELL
 * DCLARKE
 * DCONWAY
 * DDICK
 * DDRP
 * DDUMONT
 * DEDMEDVED
 * DEMIAN
 * DERF
 * DGALAN
 * DINESHD
 * DJERIUS
 * DMALONE
 * DOMM
 * DORIAN
 * DROLSKY
 * DSCHWEI
 * DUMB
 * DVEEDEN
 * DWHEELER
 * EARTHTONE
 * EBAUDREZ
 * EBRUNI
 * ECHERNOF
 * ECKARDT
 * ECOCODE
 * EGILES
 * EGOROD
 * EHSAN
 * EHUELS
 * ERUCI
 * ESH
 * ETHER
 * ETJ
 * EXIFTOOL
 * EXODIST
 * EZDB
 * FAYLAND
 * FDULAU
 * FELIPE
 * FERRENCY
 * FREDERICD
 * FREW
 * FROGGS
 * GAISSMAI
 * GANGLION
 * GARU
 * GBOUGARD
 * GCHIAIA
 * GCORE
 * GFR
 * GFRANKS
 * GIBUS
 * GLBRUNE
 * GOMOR
 * GONCALES
 * GRANTM
 * GRAVATTJ
 * GRIBUSER
 * GRICHTER
 * GSB
 * GSG
 * GUGOD
 * GUIDO
 * GUILLEM
 * GWADEJ
 * GWHAYWOOD
 * GWILLIAMS
 * HAARG
 * HASSANIS
 * HAUKEX
 * HAYASHI
 * HENRYST
 * HEXCODER
 * HEXONET
 * HISSO
 * HKOBA
 * HOCHSTEN
 * HOLLI
 * HORNBURG
 * HQJATU
 * IGIBBS
 * IKLUFT
 * ILMARI
 * IMACAT
 * INA
 * INFINOID
 * INTERMINE
 * IOANR
 * IPENBURG
 * IPFINDER
 * ISHIGAKI
 * ISHRAQ
 * IVANWILLS
 * JACQUESG
 * JANESKIL
 * JANPAZ
 * JCB
 * JDB
 * JDDPAUSE
 * JDEGUEST
 * JEFFZHANG
 * JFORGET
 * JGAMBLE
 * JGAZELEY
 * JGNI
 * JGOFF
 * JGREELY
 * JKEENAN
 * JKEGL
 * JLCOOPER
 * JLEFLER
 * JLMARTIN
 * JLOUDER
 * JMAC
 * JMCNAMARA
 * JMERELO
 * JNTHN
 * JOENIO
 * JOHANL
 * JOHNH
 * JONASBN
 * JONASS
 * JOROL
 * JOYREX
 * JSIRACUSA
 * JSTOWE
 * JV
 * JWB
 * JWRIGHT
 * KAIEPI
 * KAJI
 * KAORU
 * KARASIK
 * KHW
 * KILINRAX
 * KITANO
 * KIWIROY
 * KJETIL
 * KJETILK
 * KJKVINGE
 * KMX
 * KNI
 * KNTH
 * KRUSHI
 * KRYDE
 * KYZ
 * KZTOMITA
 * LARION
 * LAWALSH
 * LCONS
 * LEADER
 * LEEJO
 * LEONT
 * LIJINFENG
 * LIKHATSKI
 * LLAP
 * LMETCALF
 * LMEUNIER
 * LNATION
 * LOCATION
 * LORENZO
 * LSKATZ
 * LSTEVENS
 * LTRIANT
 * LZE
 * MAJENSEN
 * MALLEN
 * MAMAWE
 * MANWAR
 * MARKELLIS
 * MARKOV
 * MARSCHAP
 * MARTIMM
 * MARTINGO
 * MASSYN
 * MAT
 * MATISSE
 * MATTLAW
 * MATY
 * MBAAS
 * MBARBON
 * MBRADSHAW
 * MCHE
 * MCMAHON
 * MDEHOON
 * MDOM
 * MDOOTSON
 * MELEZHIK
 * MELMOTHX
 * MEMOWE
 * MERKYS
 * MGRIMES
 * MGUALDRON
 * MGV
 * MHASCH
 * MIKEFLAN
 * MIKEGRB
 * MIKER
 * MIKKOI
 * MISHIKAL
 * MITHALDU
 * MIYAGAWA
 * MJEVANS
 * MLAWREN
 * MLEHMANN
 * MMCCLIMON
 * MNSMAR
 * MOB
 * MONGODB
 * MOOCOW
 * MPOURASG
 * MRSAM
 * MRSCOTTY
 * MSCHOUT
 * MSIMERSON
 * MSTROUT
 * MTHURN
 * MTW
 * MYRDDIN
 * MZIESCHA
 * NAVALNED
 * NEILB
 * NERDVANA
 * NETSENSEI
 * NHORNE
 * NICOMEN
 * NICS
 * NIERLEIN
 * NIGELM
 * NINE
 * NJH
 * NLNETLABS
 * NMBOOKER
 * NMELNICK
 * NML
 * NWCLARK
 * OALDERS
 * OCBNET
 * OESI
 * OETIKER
 * OLEG
 * OLIVER
 * OMEGA
 * OVNTATAR
 * PABLROD
 * PALI
 * PAVELSR
 * PEASWORTH
 * PEK
 * PERLANCAR
 * PERLMAX
 * PETDANCE
 * PEVANS
 * PFLANZE
 * PHRED
 * PIXEL
 * PJACKLAM
 * PJCJ
 * PLICEASE
 * PLOBBES
 * PMEVZEK
 * PMPERRY
 * PMQS
 * PRAJITH
 * PREACTION
 * PROCH
 * PSANNES
 * PSCUST
 * PSRSBSNS
 * PUCK
 * QGARNIER
 * RADIUSCZ
 * RAJ
 * RAPPAZF
 * RCHAVES
 * REEDFISH
 * REIVEUNE
 * RENEEB
 * RHASH
 * RHETTBULL
 * RHOELZ
 * RIBASUSHI
 * RIZEN
 * RJBS
 * RKELSCH
 * RKINYON
 * RNEWSHAM
 * ROMM
 * RORYMCK
 * RPETTETT
 * RRA
 * RRWO
 * RSCHUPP
 * RUBYKAT
 * RUISTEVE
 * RURBAN
 * RWSTAUNER
 * SACOMO
 * SADAHIRO
 * SADIB
 * SALVA
 * SANBEG
 * SANKO
 * SAPER
 * SATOH
 * SBECK
 * SCHIECHEO
 * SCIMON
 * SEAGIRL
 * SEBAPOD
 * SGRAY
 * SHANCOCK
 * SHAY
 * SHELDRAKE
 * SHLOMIF
 * SHMAEDA
 * SHOGO
 * SIMCOP
 * SISYPHUS
 * SIXAPART
 * SJDY
 * SJQUINNEY
 * SKAJI
 * SKOLYCHEV
 * SLAFFAN
 * SLOYD
 * SLUDIN
 * SOMMREY
 * SRCHULO
 * SREZIC
 * SSCHECK
 * SSIMMS
 * STEVEB
 * STEVIED
 * SULLR
 * SYBER
 * SYMKAT
 * SYP
 * TAGOMORIS
 * TEAM
 * TIEDEMANN
 * TIMOTIMO
 * TINITA
 * TITSUKI
 * TJPARNELL
 * TMILLER
 * TOBYINK
 * TODDR
 * TOKUHIROM
 * TOMGRACEY
 * TONYC
 * TOSHIFJW
 * TROHAU
 * TURNERJW
 * TURNSTEP
 * UFOBAT
 * UPWORK
 * UTASHIRO
 * VANSTYN
 * VBAR
 * VENKATESH
 * VIGHNESH
 * VINSWORLD
 * VLADO
 * VOJ
 * VPEIL
 * VPIT
 * VVELOX
 * WARRINGD
 * WBRASWELL
 * WESAL
 * WIEGEROP
 * WOLLMERS
 * WOUTER
 * WREIS
 * WROG
 * WSNYDER
 * WYANT
 * XANNI
 * XAOC
 * XENU
 * XSAWYERX
 * YANICK
 * YEWENBIN
 * YORHEL
 * YVES
 * ZARABOZO
 * ZARQUON
 * ZDM
 * ZEFRAM
 * ZEMAN
 * ZHUMARIN
 * ZNMSTR

